2026-04-23 09:00:00 [INFO] 系统启动
2026-04-23 09:00:05 [INFO] 加载配置文件
2026-04-23 09:00:10 [INFO] 连接数据库
2026-04-23 09:00:15 [INFO] 数据库连接成功
2026-04-23 09:00:20 [INFO] 启动Web服务器
2026-04-23 09:00:25 [INFO] Web服务器启动成功，监听端口 8000
2026-04-23 09:05:30 [INFO] 收到用户请求: GET /api/health
2026-04-23 09:05:35 [INFO] 返回响应: 200 OK
2026-04-23 09:10:00 [WARNING] 内存使用率达到 75%
2026-04-23 09:15:00 [INFO] 收到用户请求: POST /api/login
2026-04-23 09:15:05 [ERROR] 数据库查询失败: 连接超时
2026-04-23 09:15:10 [ERROR] 用户登录失败: 数据库错误
2026-04-23 09:20:00 [INFO] 收到用户请求: GET /api/data
2026-04-23 09:20:05 [WARNING] 查询响应时间过长: 3.5秒
2026-04-23 09:25:00 [INFO] 执行定时任务: 数据备份
2026-04-23 09:25:30 [INFO] 数据备份完成
2026-04-23 09:30:00 [ERROR] Redis连接失败: 连接被拒绝
2026-04-23 09:30:05 [WARNING] 降级使用本地缓存
2026-04-23 09:35:00 [INFO] 收到用户请求: GET /api/users
2026-04-23 09:35:05 [INFO] 返回响应: 200 OK
2026-04-23 09:40:00 [ERROR] 文件写入失败: 磁盘空间不足
2026-04-23 09:45:00 [INFO] 系统健康检查通过
